#
# A fatal error has been detected by the Java Runtime Environment:
#
#  EXCEPTION_ACCESS_VIOLATION (0xc0000005) at pc=0x000000007633f803, pid=18584, tid=0x0000000000007144
#
# JRE version: Java(TM) SE Runtime Environment (8.0_221-b11) (build 1.8.0_221-b11)
# Java VM: Java HotSpot(TM) 64-Bit Server VM (25.221-b11 mixed mode windows-amd64 compressed oops)
# Problematic frame:
# V  [jvm.dll+0x13f803]
#
# Failed to write core dump. Minidumps are not enabled by default on client versions of Windows
#
# If you would like to submit a bug report, please visit:
#   http://bugreport.java.com/bugreport/crash.jsp
#

---------------  T H R E A D  ---------------

Current thread (0x0000000002625800):  JavaThread "main" [_thread_in_vm, id=28996, stack(0x0000000002520000,0x0000000002620000)]

siginfo: ExceptionCode=0xc0000005, reading address 0x00000003b222c368

Registers:
RAX=0x0000000000000000, RBX=0x0000000002625800, RCX=0x0000000000000003, RDX=0x00000003b222c300
RSP=0x000000000261e6f0, RBP=0x000000000261e840, RSI=0x00000000026259f8, RDI=0x0000000002625800
R8 =0xffff800128922ef0, R9 =0x00007ffed76dd13f, R10=0x000000000000002f, R11=0x000000000000002f
R12=0x000000000261ea80, R13=0x0000000000000000, R14=0x000000000261ea78, R15=0x0000000000000000
RIP=0x000000007633f803, EFLAGS=0x0000000000010206

Top of Stack: (sp=0x000000000261e6f0)
0x000000000261e6f0:   00007ffed76dd110 0000000002625800
0x000000000261e700:   000000000261e840 0000000000000000
0x000000000261e710:   0000000002625800 0000000000000000
0x000000000261e720:   0000000000000000 0000000000000000
0x000000000261e730:   000000001c14a5a0 00007ffed76b6777
0x000000000261e740:   00000000026259f8 000000000261e840
0x000000000261e750:   0000000002625800 0000000002791797
0x000000000261e760:   0000000002791aa0 0000000000000000
0x000000000261e770:   0000000000000000 0000000000000000
0x000000000261e780:   00000000027916a0 0000000002010000
0x000000000261e790:   000000000261e6f0 0000000000000000
0x000000000261e7a0:   0000000000000000 0000000000000000
0x000000000261e7b0:   0000000000000000 0000000000000000
0x000000000261e7c0:   0000000000000000 0000000000000000
0x000000000261e7d0:   000000000261ea48 0000000000000000
0x000000000261e7e0:   000000000261ea60 000000000261ea58 

Instructions: (pc=0x000000007633f803)
0x000000007633f7e3:   00 00 48 8b 17 74 15 8b 52 08 8b 0d 75 a0 66 00
0x000000007633f7f3:   48 d3 e2 48 03 15 63 a0 66 00 eb 04 48 8b 52 08
0x000000007633f803:   48 8b 52 68 48 8b ce e8 01 81 0d 00 48 83 7c 24
0x000000007633f813:   28 00 48 8b f0 74 0a 48 8d 4c 24 20 e8 fc f4 13 


Register to memory mapping:

RAX=0x0000000000000000 is an unknown value
RBX=0x0000000002625800 is a thread
RCX=0x0000000000000003 is an unknown value
RDX=0x00000003b222c300 is an unknown value
RSP=0x000000000261e6f0 is pointing into the stack for thread: 0x0000000002625800
RBP=0x000000000261e840 is pointing into the stack for thread: 0x0000000002625800
RSI=0x00000000026259f8 is an unknown value
RDI=0x0000000002625800 is a thread
R8 =0xffff800128922ef0 is an unknown value
R9 =0x00007ffed76dd13f is an unknown value
R10=0x000000000000002f is an unknown value
R11=0x000000000000002f is an unknown value
R12=0x000000000261ea80 is pointing into the stack for thread: 0x0000000002625800
R13=0x0000000000000000 is an unknown value
R14=0x000000000261ea78 is pointing into the stack for thread: 0x0000000002625800
R15=0x0000000000000000 is an unknown value


Stack: [0x0000000002520000,0x0000000002620000],  sp=0x000000000261e6f0,  free space=1017k
Native frames: (J=compiled Java code, j=interpreted, Vv=VM code, C=native code)
V  [jvm.dll+0x13f803]
C  [sqljdbc_auth.dll+0x6777]
C  0x0000000002748c67

Java frames: (J=compiled Java code, j=interpreted, Vv=VM code)
j  com.microsoft.sqlserver.jdbc.AuthenticationJNI.SNISecGenClientContext([B[I[BI[B[I[ZLjava/lang/String;Ljava/lang/String;Ljava/lang/String;Ljava/util/logging/Logger;)I+0
j  com.microsoft.sqlserver.jdbc.AuthenticationJNI.GenerateClientContext([BI[B[I[Z)I+24
j  com.microsoft.sqlserver.jdbc.SQLServerConnection.SSPIData([B[B[I[ZLcom/microsoft/sqlserver/jdbc/AuthenticationJNI;)V+13
j  com.microsoft.sqlserver.jdbc.SQLServerConnection.sendLogon(Lcom/microsoft/sqlserver/jdbc/SQLServerConnection$LogonCommand;Lcom/microsoft/sqlserver/jdbc/AuthenticationJNI;)V+151
j  com.microsoft.sqlserver.jdbc.SQLServerConnection.logon(Lcom/microsoft/sqlserver/jdbc/SQLServerConnection$LogonCommand;)V+20
j  com.microsoft.sqlserver.jdbc.SQLServerConnection.access$000(Lcom/microsoft/sqlserver/jdbc/SQLServerConnection;Lcom/microsoft/sqlserver/jdbc/SQLServerConnection$LogonCommand;)V+2
j  com.microsoft.sqlserver.jdbc.SQLServerConnection$LogonCommand.doExecute()Z+5
j  com.microsoft.sqlserver.jdbc.TDSCommand.execute(Lcom/microsoft/sqlserver/jdbc/TDSWriter;Lcom/microsoft/sqlserver/jdbc/TDSReader;)Z+30
j  com.microsoft.sqlserver.jdbc.SQLServerConnection.executeCommand(Lcom/microsoft/sqlserver/jdbc/TDSCommand;)Z+45
j  com.microsoft.sqlserver.jdbc.SQLServerConnection.connectHelper(Lcom/microsoft/sqlserver/jdbc/ServerPortPlaceHolder;II)V+284
j  com.microsoft.sqlserver.jdbc.SQLServerConnection.login(Ljava/lang/String;Ljava/lang/String;ILjava/lang/String;Lcom/microsoft/sqlserver/jdbc/FailoverInfo;IJ)V+399
j  com.microsoft.sqlserver.jdbc.SQLServerConnection.connect(Ljava/util/Properties;Lcom/microsoft/sqlserver/jdbc/SQLServerPooledConnection;)Ljava/sql/Connection;+1736
j  com.microsoft.sqlserver.jdbc.SQLServerDriver.connect(Ljava/lang/String;Ljava/util/Properties;)Ljava/sql/Connection;+45
j  java.sql.DriverManager.getConnection(Ljava/lang/String;Ljava/util/Properties;Ljava/lang/Class;)Ljava/sql/Connection;+171
j  java.sql.DriverManager.getConnection(Ljava/lang/String;)Ljava/sql/Connection;+13
j  testscripts.DBTest.RunDemo()V+17
j  testscripts.DBTest.main([Ljava/lang/String;)V+0
v  ~StubRoutines::call_stub

---------------  P R O C E S S  ---------------

Java Threads: ( => current thread )
  0x000000001e118000 JavaThread "Service Thread" daemon [_thread_blocked, id=10608, stack(0x000000001ec50000,0x000000001ed50000)]
  0x000000001e086800 JavaThread "C1 CompilerThread3" daemon [_thread_blocked, id=31936, stack(0x000000001eb50000,0x000000001ec50000)]
  0x000000001e085800 JavaThread "C2 CompilerThread2" daemon [_thread_blocked, id=32132, stack(0x000000001ea50000,0x000000001eb50000)]
  0x000000001e072000 JavaThread "C2 CompilerThread1" daemon [_thread_blocked, id=22720, stack(0x000000001e950000,0x000000001ea50000)]
  0x000000001e06f800 JavaThread "C2 CompilerThread0" daemon [_thread_blocked, id=28980, stack(0x000000001e850000,0x000000001e950000)]
  0x000000001e06e000 JavaThread "Attach Listener" daemon [_thread_blocked, id=30236, stack(0x000000001e750000,0x000000001e850000)]
  0x000000001e06c800 JavaThread "Signal Dispatcher" daemon [_thread_blocked, id=22068, stack(0x000000001e650000,0x000000001e750000)]
  0x000000000271d800 JavaThread "Finalizer" daemon [_thread_blocked, id=32684, stack(0x000000001e440000,0x000000001e540000)]
  0x000000000271c000 JavaThread "Reference Handler" daemon [_thread_blocked, id=880, stack(0x000000001df40000,0x000000001e040000)]
=>0x0000000002625800 JavaThread "main" [_thread_in_vm, id=28996, stack(0x0000000002520000,0x0000000002620000)]

Other Threads:
  0x000000001c14a000 VMThread [stack: 0x000000001de40000,0x000000001df40000] [id=12300]
  0x000000001e15a800 WatcherThread [stack: 0x000000001ed50000,0x000000001ee50000] [id=18336]

VM state:not at safepoint (normal execution)

VM Mutex/Monitor currently owned by a thread: None

heap address: 0x00000006c2200000, size: 4062 MB, Compressed Oops mode: Zero based, Oop shift amount: 3
Narrow klass base: 0x0000000000000000, Narrow klass shift: 3
Compressed class space size: 1073741824 Address: 0x00000007c0000000

Heap:
 PSYoungGen      total 75776K, used 26050K [0x000000076b600000, 0x0000000770a80000, 0x00000007c0000000)
  eden space 65024K, 40% used [0x000000076b600000,0x000000076cf70970,0x000000076f580000)
  from space 10752K, 0% used [0x0000000770000000,0x0000000770000000,0x0000000770a80000)
  to   space 10752K, 0% used [0x000000076f580000,0x000000076f580000,0x0000000770000000)
 ParOldGen       total 173568K, used 0K [0x00000006c2200000, 0x00000006ccb80000, 0x000000076b600000)
  object space 173568K, 0% used [0x00000006c2200000,0x00000006c2200000,0x00000006ccb80000)
 Metaspace       used 8704K, capacity 8934K, committed 9088K, reserved 1056768K
  class space    used 946K, capacity 1033K, committed 1152K, reserved 1048576K

Card table byte_map: [0x0000000011af0000,0x00000000122e0000] byte_map_base: 0x000000000e4df000

Marking Bits: (ParMarkBitMap*) 0x0000000076a25ce0
 Begin Bits: [0x0000000013030000, 0x0000000016fa8000)
 End Bits:   [0x0000000016fa8000, 0x000000001af20000)

Polling page: 0x00000000003f0000

CodeCache: size=245760Kb used=3536Kb max_used=3545Kb free=242223Kb
 bounds [0x0000000002730000, 0x0000000002ab0000, 0x0000000011730000]
 total_blobs=1342 nmethods=987 adapters=268
 compilation: enabled

Compilation events (10 events):
Event: 0.853 Thread 0x000000001e086800  983       1       java.security.CodeSource::getLocation (5 bytes)
Event: 0.853 Thread 0x000000001e086800 nmethod 983 0x0000000002aa3390 code [0x0000000002aa34e0, 0x0000000002aa35f0]
Event: 0.862 Thread 0x000000001e086800  984       3       com.sun.crypto.provider.AESCrypt::mul4 (181 bytes)
Event: 0.862 Thread 0x000000001e086800 nmethod 984 0x0000000002aa3650 code [0x0000000002aa3860, 0x0000000002aa42d0]
Event: 0.876 Thread 0x000000001e06f800  985       4       sun.security.provider.SHA5::lf_sigma1 (21 bytes)
Event: 0.876 Thread 0x000000001e06f800 nmethod 985 0x0000000002aa7990 code [0x0000000002aa7ac0, 0x0000000002aa7b18]
Event: 0.877 Thread 0x000000001e085800  986       4       sun.security.provider.SHA5::lf_sigma0 (21 bytes)
Event: 0.877 Thread 0x000000001e072000  987       4       java.lang.Long::reverseBytes (46 bytes)
Event: 0.878 Thread 0x000000001e085800 nmethod 986 0x0000000002aa7b90 code [0x0000000002aa7cc0, 0x0000000002aa7d18]
Event: 0.878 Thread 0x000000001e072000 nmethod 987 0x0000000002aa6250 code [0x0000000002aa6380, 0x0000000002aa6418]

GC Heap History (0 events):
No events

Deoptimization events (9 events):
Event: 0.138 Thread 0x0000000002625800 Uncommon trap: reason=unstable_if action=reinterpret pc=0x000000000283d7c4 method=java.lang.String.hashCode()I @ 14
Event: 0.336 Thread 0x0000000002625800 Uncommon trap: reason=unstable_if action=reinterpret pc=0x00000000028fa9bc method=java.util.HashMap.putVal(ILjava/lang/Object;Ljava/lang/Object;ZZ)Ljava/lang/Object; @ 181
Event: 0.346 Thread 0x0000000002625800 Uncommon trap: reason=class_check action=maybe_recompile pc=0x000000000293273c method=java.util.HashMap.putVal(ILjava/lang/Object;Ljava/lang/Object;ZZ)Ljava/lang/Object; @ 253
Event: 0.346 Thread 0x0000000002625800 Uncommon trap: reason=class_check action=maybe_recompile pc=0x000000000293273c method=java.util.HashMap.putVal(ILjava/lang/Object;Ljava/lang/Object;ZZ)Ljava/lang/Object; @ 253
Event: 0.347 Thread 0x0000000002625800 Uncommon trap: reason=class_check action=maybe_recompile pc=0x000000000293273c method=java.util.HashMap.putVal(ILjava/lang/Object;Ljava/lang/Object;ZZ)Ljava/lang/Object; @ 253
Event: 0.347 Thread 0x0000000002625800 Uncommon trap: reason=class_check action=maybe_recompile pc=0x000000000293273c method=java.util.HashMap.putVal(ILjava/lang/Object;Ljava/lang/Object;ZZ)Ljava/lang/Object; @ 253
Event: 0.517 Thread 0x0000000002625800 Uncommon trap: reason=class_check action=maybe_recompile pc=0x0000000002941164 method=java.util.regex.Pattern$BmpCharProperty.match(Ljava/util/regex/Matcher;ILjava/lang/CharSequence;)Z @ 31
Event: 0.517 Thread 0x0000000002625800 Uncommon trap: reason=unstable_if action=reinterpret pc=0x0000000002941100 method=java.util.regex.Pattern$BmpCharProperty.match(Ljava/util/regex/Matcher;ILjava/lang/CharSequence;)Z @ 5
Event: 0.567 Thread 0x0000000002625800 Uncommon trap: reason=unstable_if action=reinterpret pc=0x000000000292f5dc method=java.lang.CharacterDataLatin1.digit(II)I @ 82

Classes redefined (0 events):
No events

Internal exceptions (10 events):
Event: 0.246 Thread 0x0000000002625800 Exception <a 'java/security/PrivilegedActionException'> (0x000000076bad31a0) thrown at [C:\re\workspace\8-2-build-windows-amd64-cygwin\jdk8u221\13320\hotspot\src\share\vm\prims\jvm.cpp, line 1502]
Event: 0.246 Thread 0x0000000002625800 Exception <a 'java/security/PrivilegedActionException'> (0x000000076bad33b0) thrown at [C:\re\workspace\8-2-build-windows-amd64-cygwin\jdk8u221\13320\hotspot\src\share\vm\prims\jvm.cpp, line 1502]
Event: 0.247 Thread 0x0000000002625800 Exception <a 'java/security/PrivilegedActionException'> (0x000000076badf768) thrown at [C:\re\workspace\8-2-build-windows-amd64-cygwin\jdk8u221\13320\hotspot\src\share\vm\prims\jvm.cpp, line 1502]
Event: 0.247 Thread 0x0000000002625800 Exception <a 'java/security/PrivilegedActionException'> (0x000000076badf978) thrown at [C:\re\workspace\8-2-build-windows-amd64-cygwin\jdk8u221\13320\hotspot\src\share\vm\prims\jvm.cpp, line 1502]
Event: 0.247 Thread 0x0000000002625800 Exception <a 'java/security/PrivilegedActionException'> (0x000000076bae0ac0) thrown at [C:\re\workspace\8-2-build-windows-amd64-cygwin\jdk8u221\13320\hotspot\src\share\vm\prims\jvm.cpp, line 1502]
Event: 0.247 Thread 0x0000000002625800 Exception <a 'java/security/PrivilegedActionException'> (0x000000076bae0cd0) thrown at [C:\re\workspace\8-2-build-windows-amd64-cygwin\jdk8u221\13320\hotspot\src\share\vm\prims\jvm.cpp, line 1502]
Event: 0.247 Thread 0x0000000002625800 Exception <a 'java/security/PrivilegedActionException'> (0x000000076bae1e38) thrown at [C:\re\workspace\8-2-build-windows-amd64-cygwin\jdk8u221\13320\hotspot\src\share\vm\prims\jvm.cpp, line 1502]
Event: 0.247 Thread 0x0000000002625800 Exception <a 'java/security/PrivilegedActionException'> (0x000000076bae2048) thrown at [C:\re\workspace\8-2-build-windows-amd64-cygwin\jdk8u221\13320\hotspot\src\share\vm\prims\jvm.cpp, line 1502]
Event: 0.556 Thread 0x0000000002625800 Exception <a 'java/lang/NoSuchFieldError': method resolution failed> (0x000000076c28c840) thrown at [C:\re\workspace\8-2-build-windows-amd64-cygwin\jdk8u221\13320\hotspot\src\share\vm\prims\methodHandles.cpp, line 1167]
Event: 0.557 Thread 0x0000000002625800 Exception <a 'java/lang/NoSuchFieldError': method resolution failed> (0x000000076c299fb0) thrown at [C:\re\workspace\8-2-build-windows-amd64-cygwin\jdk8u221\13320\hotspot\src\share\vm\prims\methodHandles.cpp, line 1167]

Events (10 events):
Event: 0.880 loading class java/lang/ClassLoaderHelper
Event: 0.881 loading class java/lang/ClassLoaderHelper done
Event: 0.903 loading class sun/net/InetAddressCachePolicy
Event: 0.903 loading class sun/net/InetAddressCachePolicy done
Event: 0.903 loading class sun/net/InetAddressCachePolicy$1
Event: 0.903 loading class sun/net/InetAddressCachePolicy$1 done
Event: 0.903 loading class sun/net/InetAddressCachePolicy$2
Event: 0.903 loading class sun/net/InetAddressCachePolicy$2 done
Event: 0.903 loading class java/net/InetAddress$CacheEntry
Event: 0.903 loading class java/net/InetAddress$CacheEntry done


Dynamic libraries:
0x00007ff77bc50000 - 0x00007ff77bc87000 	C:\Program Files\Java\jre1.8.0_221\bin\javaw.exe
0x00007ffeea580000 - 0x00007ffeea770000 	C:\WINDOWS\SYSTEM32\ntdll.dll
0x00007ffee8b90000 - 0x00007ffee8c42000 	C:\WINDOWS\System32\KERNEL32.DLL
0x00007ffee76b0000 - 0x00007ffee7953000 	C:\WINDOWS\System32\KERNELBASE.dll
0x00007ffee8a70000 - 0x00007ffee8b13000 	C:\WINDOWS\System32\ADVAPI32.dll
0x00007ffeea3f0000 - 0x00007ffeea48e000 	C:\WINDOWS\System32\msvcrt.dll
0x00007ffeea2a0000 - 0x00007ffeea337000 	C:\WINDOWS\System32\sechost.dll
0x00007ffee8c80000 - 0x00007ffee8da0000 	C:\WINDOWS\System32\RPCRT4.dll
0x00007ffee8650000 - 0x00007ffee87e3000 	C:\WINDOWS\System32\USER32.dll
0x00007ffee7b10000 - 0x00007ffee7b31000 	C:\WINDOWS\System32\win32u.dll
0x00007ffee8c50000 - 0x00007ffee8c76000 	C:\WINDOWS\System32\GDI32.dll
0x00007ffee7510000 - 0x00007ffee76a4000 	C:\WINDOWS\System32\gdi32full.dll
0x00007ffee84f0000 - 0x00007ffee858e000 	C:\WINDOWS\System32\msvcp_win.dll
0x00007ffee79b0000 - 0x00007ffee7aaa000 	C:\WINDOWS\System32\ucrtbase.dll
0x00007ffed4870000 - 0x00007ffed4af5000 	C:\WINDOWS\WinSxS\amd64_microsoft.windows.common-controls_6595b64144ccf1df_6.0.18362.295_none_e6c3acbd13101292\COMCTL32.dll
0x00007ffee9980000 - 0x00007ffee9cb6000 	C:\WINDOWS\System32\combase.dll
0x00007ffee8590000 - 0x00007ffee8610000 	C:\WINDOWS\System32\bcryptPrimitives.dll
0x00007ffeea340000 - 0x00007ffeea36e000 	C:\WINDOWS\System32\IMM32.DLL
0x0000000075490000 - 0x0000000075562000 	C:\Program Files\Java\jre1.8.0_221\bin\msvcr100.dll
0x0000000076200000 - 0x0000000076aa5000 	C:\Program Files\Java\jre1.8.0_221\bin\server\jvm.dll
0x00007ffee8630000 - 0x00007ffee8638000 	C:\WINDOWS\System32\PSAPI.DLL
0x00007ffee6620000 - 0x00007ffee662a000 	C:\WINDOWS\SYSTEM32\VERSION.dll
0x00007ffed2f90000 - 0x00007ffed2f99000 	C:\WINDOWS\SYSTEM32\WSOCK32.dll
0x00007ffed7eb0000 - 0x00007ffed7ed4000 	C:\WINDOWS\SYSTEM32\WINMM.dll
0x00007ffee8b20000 - 0x00007ffee8b8f000 	C:\WINDOWS\System32\WS2_32.dll
0x00007ffed7c70000 - 0x00007ffed7c9d000 	C:\WINDOWS\SYSTEM32\WINMMBASE.dll
0x00007ffee7960000 - 0x00007ffee79aa000 	C:\WINDOWS\System32\cfgmgr32.dll
0x00007ffedc340000 - 0x00007ffedc34f000 	C:\Program Files\Java\jre1.8.0_221\bin\verify.dll
0x00007ffed6f20000 - 0x00007ffed6f49000 	C:\Program Files\Java\jre1.8.0_221\bin\java.dll
0x00007ffed6f00000 - 0x00007ffed6f16000 	C:\Program Files\Java\jre1.8.0_221\bin\zip.dll
0x00007ffee8f20000 - 0x00007ffee9602000 	C:\WINDOWS\System32\SHELL32.dll
0x00007ffeea490000 - 0x00007ffeea539000 	C:\WINDOWS\System32\shcore.dll
0x00007ffee7c90000 - 0x00007ffee840c000 	C:\WINDOWS\System32\windows.storage.dll
0x00007ffee7460000 - 0x00007ffee747f000 	C:\WINDOWS\System32\profapi.dll
0x00007ffee74c0000 - 0x00007ffee750a000 	C:\WINDOWS\System32\powrprof.dll
0x00007ffee7450000 - 0x00007ffee7460000 	C:\WINDOWS\System32\UMPDC.dll
0x00007ffeea1e0000 - 0x00007ffeea232000 	C:\WINDOWS\System32\shlwapi.dll
0x00007ffee7480000 - 0x00007ffee7491000 	C:\WINDOWS\System32\kernel.appcore.dll
0x00007ffee8610000 - 0x00007ffee8627000 	C:\WINDOWS\System32\cryptsp.dll
0x00007ffed6e60000 - 0x00007ffed6e7a000 	C:\Program Files\Java\jre1.8.0_221\bin\net.dll
0x00007ffeca000000 - 0x00007ffeca1d6000 	C:\WINDOWS\SYSTEM32\urlmon.dll
0x00007ffed5d60000 - 0x00007ffed6006000 	C:\WINDOWS\SYSTEM32\iertutil.dll
0x00007ffee6e90000 - 0x00007ffee6e9c000 	C:\WINDOWS\SYSTEM32\CRYPTBASE.DLL
0x00007ffee6cc0000 - 0x00007ffee6d27000 	C:\WINDOWS\system32\mswsock.dll
0x00007ffed64a0000 - 0x00007ffed64c4000 	C:\Program Files\Java\jre1.8.0_221\bin\sunec.dll
0x00007ffee69d0000 - 0x00007ffee6a0a000 	C:\WINDOWS\SYSTEM32\IPHLPAPI.DLL
0x00007ffee8640000 - 0x00007ffee8648000 	C:\WINDOWS\System32\NSI.dll
0x00007ffedc3f0000 - 0x00007ffedc406000 	C:\WINDOWS\SYSTEM32\dhcpcsvc6.DLL
0x00007ffedc3d0000 - 0x00007ffedc3ec000 	C:\WINDOWS\SYSTEM32\dhcpcsvc.DLL
0x00007ffee6a10000 - 0x00007ffee6ada000 	C:\WINDOWS\SYSTEM32\DNSAPI.dll
0x00007ffed6e40000 - 0x00007ffed6e52000 	C:\Program Files\Java\jre1.8.0_221\bin\nio.dll
0x00007ffee6830000 - 0x00007ffee6863000 	C:\WINDOWS\system32\rsaenh.dll
0x00007ffee84c0000 - 0x00007ffee84e6000 	C:\WINDOWS\System32\bcrypt.dll
0x00007ffee7370000 - 0x00007ffee7395000 	C:\WINDOWS\SYSTEM32\USERENV.dll
0x00007ffedada0000 - 0x00007ffedadab000 	C:\Program Files\Java\jre1.8.0_221\bin\sunmscapi.dll
0x00007ffee7b40000 - 0x00007ffee7c89000 	C:\WINDOWS\System32\CRYPT32.dll
0x00007ffee74a0000 - 0x00007ffee74b2000 	C:\WINDOWS\System32\MSASN1.dll
0x00007ffed76b0000 - 0x00007ffed76fb000 	D:\Selenium\Microsoft JDBC Driver 6.0 for SQL Server\sqljdbc_6.0\enu\auth\x64\sqljdbc_auth.dll
0x00007ffee8da0000 - 0x00007ffee8ef6000 	C:\WINDOWS\System32\ole32.dll
0x00007ffee6630000 - 0x00007ffee663c000 	C:\WINDOWS\system32\secur32.dll
0x00007ffee7340000 - 0x00007ffee736f000 	C:\WINDOWS\SYSTEM32\SSPICLI.DLL
0x00007ffee6d80000 - 0x00007ffee6e83000 	C:\WINDOWS\system32\kerberos.DLL
0x00007ffee6c40000 - 0x00007ffee6cb7000 	C:\WINDOWS\system32\msv1_0.DLL
0x00007ffee6c30000 - 0x00007ffee6c3d000 	C:\WINDOWS\SYSTEM32\NtlmShared.dll
0x00007ffee6d30000 - 0x00007ffee6d44000 	C:\WINDOWS\SYSTEM32\cryptdll.dll
0x00007ffecf1a0000 - 0x00007ffecf1c8000 	C:\WINDOWS\system32\ntdsapi.dll
0x00007ffec9920000 - 0x00007ffec9936000 	C:\WINDOWS\system32\napinsp.dll
0x00007ffec8e20000 - 0x00007ffec8e3a000 	C:\WINDOWS\system32\pnrpnsp.dll
0x00007ffec9fa0000 - 0x00007ffec9fae000 	C:\WINDOWS\System32\winrnr.dll
0x00007ffedafd0000 - 0x00007ffedafec000 	C:\WINDOWS\system32\NLAapi.dll
0x00007ffec8e00000 - 0x00007ffec8e15000 	C:\WINDOWS\system32\wshbth.dll
0x00007ffedc700000 - 0x00007ffedc70a000 	C:\Windows\System32\rasadhlp.dll
0x00007ffedc750000 - 0x00007ffedc7c7000 	C:\WINDOWS\System32\fwpuclnt.dll
0x00007ffee5c70000 - 0x00007ffee5e64000 	C:\WINDOWS\SYSTEM32\dbghelp.dll

VM Arguments:
jvm_args: -Dfile.encoding=UTF-8 
java_command: testscripts.DBTest
java_class_path (initial): C:\Program Files\Java\jre1.8.0_221\lib\resources.jar;C:\Program Files\Java\jre1.8.0_221\lib\rt.jar;C:\Program Files\Java\jre1.8.0_221\lib\jsse.jar;C:\Program Files\Java\jre1.8.0_221\lib\jce.jar;C:\Program Files\Java\jre1.8.0_221\lib\charsets.jar;C:\Program Files\Java\jre1.8.0_221\lib\jfr.jar;C:\Program Files\Java\jre1.8.0_221\lib\ext\access-bridge-64.jar;C:\Program Files\Java\jre1.8.0_221\lib\ext\cldrdata.jar;C:\Program Files\Java\jre1.8.0_221\lib\ext\dnsns.jar;C:\Program Files\Java\jre1.8.0_221\lib\ext\jaccess.jar;C:\Program Files\Java\jre1.8.0_221\lib\ext\jfxrt.jar;C:\Program Files\Java\jre1.8.0_221\lib\ext\localedata.jar;C:\Program Files\Java\jre1.8.0_221\lib\ext\nashorn.jar;C:\Program Files\Java\jre1.8.0_221\lib\ext\sunec.jar;C:\Program Files\Java\jre1.8.0_221\lib\ext\sunjce_provider.jar;C:\Program Files\Java\jre1.8.0_221\lib\ext\sunmscapi.jar;C:\Program Files\Java\jre1.8.0_221\lib\ext\sunpkcs11.jar;C:\Program Files\Java\jre1.8.0_221\lib\ext\zipfs.jar;D:\eclipse-workspace\Orangehrm_E2E_Test\target\test-classes;D:\eclipse-workspace\Orangehrm_E2E_Test\target\classes;D:\eclipse\plugins\org.testng_6.14.2.r201802161450.jar;D:\eclipse\plugins\com.beust.jcommander_1.72.0.jar;D:\eclipse\plugins\org.apache-extras.beanshell.bsh_2.0.0.b6.jar;D:\eclipse\plugins\org.yaml.snakeyaml_1.17.0.jar;D:\Selenium\sqljdbc4-3.0.jar;C:\Users\SurajA\.m2\repository\com\aventstack\extentreports\3.1.5\extentreports-3.1.5.jar;C:\Users\SurajA\.m2\repository\org\freemarker\freemarker\2.3.23\freemarker-2.3.23.jar;C:\Users\SurajA\.m2\repository\org\mongodb\mongodb-driver\3.3.0\mongodb-driver-3.3.0.jar;C:\Users\SurajA\.m2\repository\org\mongodb\bson\3.3.0\bson-3.3.0.jar;C:\Users\SurajA\.m2\repository\org\mongodb\mongodb-driver-core\3.3.0\mongodb-driver-core-3.3.0.jar;C:\Users\SurajA\.m2\repository\org\apache\httpcomponents\httpclient\4.5.2\httpclient-4.5.2.jar;C:\Users\SurajA\.m2\repository\org\apache\httpcomponents\httpmime\4.5.2\httpmime-4.5.2.jar;C:\Users\SurajA\.m2
Launcher Type: SUN_STANDARD

Environment Variables:
PATH=C:/Program Files/Java/jre1.8.0_221/bin/server;C:/Program Files/Java/jre1.8.0_221/bin;C:/Program Files/Java/jre1.8.0_221/lib/amd64;C:\Program Files (x86)\Common Files\Oracle\Java\javapath;C:\Program Files (x86)\Intel\Intel(R) Management Engine Components\iCLS\;C:\Program Files\Intel\Intel(R) Management Engine Components\iCLS\;C:\WINDOWS\system32;C:\WINDOWS;C:\WINDOWS\System32\Wbem;C:\WINDOWS\System32\WindowsPowerShell\v1.0\;C:\Program Files (x86)\Intel\Intel(R) Management Engine Components\DAL;C:\Program Files\Intel\Intel(R) Management Engine Components\DAL;C:\Program Files (x86)\Intel\Intel(R) Management Engine Components\IPT;C:\Program Files\Intel\Intel(R) Management Engine Components\IPT;C:\Program Files\Intel\WiFi\bin\;C:\Program Files\Common Files\Intel\WirelessCommon\;C:\Program Files (x86)\Microsoft SQL Server\Client SDK\ODBC\130\Tools\Binn\;C:\Program Files (x86)\Microsoft SQL Server\140\Tools\Binn\;C:\Program Files (x86)\Microsoft SQL Server\140\DTS\Binn\;C:\Program Files (x86)\Microsoft SQL Server\140\Tools\Binn\ManagementStudio\;C:\Program Files\Java\jdk1.8.0_161\bin;C:\WINDOWS\System32\OpenSSH\;D:\Selenium\Microsoft JDBC Driver 6.0 for SQL Server\sqljdbc_6.0\enu\auth\x64;C:\Users\SurajA\AppData\Local\Programs\Python\Python36-32\Scripts\;C:\Users\SurajA\AppData\Local\Programs\Python\Python36-32\;C:\Users\SurajA\AppData\Local\Microsoft\WindowsApps;;D:\eclipse;
USERNAME=SurajA
OS=Windows_NT
PROCESSOR_IDENTIFIER=Intel64 Family 6 Model 142 Stepping 10, GenuineIntel



---------------  S Y S T E M  ---------------

OS: Windows 10.0 , 64 bit Build 18362 (10.0.18362.86)

CPU:total 8 (initial active 8) (4 cores per cpu, 2 threads per core) family 6 model 142 stepping 10, cmov, cx8, fxsr, mmx, sse, sse2, sse3, ssse3, sse4.1, sse4.2, popcnt, avx, avx2, aes, clmul, erms, rtm, 3dnowpref, lzcnt, ht, tsc, tscinvbit, bmi1, bmi2, adx

Memory: 4k page, physical 16634820k(4535852k free), swap 24110236k(2864708k free)

vm_info: Java HotSpot(TM) 64-Bit Server VM (25.221-b11) for windows-amd64 JRE (1.8.0_221-b11), built on Jul  4 2019 04:39:29 by "java_re" with MS VC++ 10.0 (VS2010)

time: Fri Aug 23 20:27:02 2019
timezone: India Standard Time
elapsed time: 0 seconds (0d 0h 0m 0s)

